---------------+-----------+-----------+-----------+-----------+
File           |   % Stmts |% Branches |   % Funcs |   % Lines |
---------------+-----------+-----------+-----------+-----------+
   build/      |     98.94 |     88.33 |     96.61 |     99.64 |
      nexus.js |     98.94 |     88.33 |     96.61 |     99.64 |
---------------+-----------+-----------+-----------+-----------+
All files      |     98.94 |     88.33 |     96.61 |     99.64 |
---------------+-----------+-----------+-----------+-----------+
